[INFO] logger started at Fri Nov 10 08:08:10 CET 2017
[INFO] executable name: /tmp/arasuite_unix_2_2_4.sh
[INFO] install4j version: 6.0.4 (build 6130)
[INFO] Properties: 
-- listing properties --
java.runtime.name=OpenJDK Runtime Environment
exe4j.moduleName=/tmp/arasuite_unix_2_2_4.sh
sun.boot.library.path=/usr/lib/jvm/java-8-openjdk-amd64/jre...
java.vm.version=25.151-b12
java.vm.vendor=Oracle Corporation
java.vendor.url=http://java.oracle.com/
path.separator=:
java.vm.name=OpenJDK 64-Bit Server VM
file.encoding.pkg=sun.io
user.country=ES
sun.java.launcher=SUN_STANDARD
sun.os.patch.level=unknown
install4j.exeDir=/tmp/
java.vm.specification.name=Java Virtual Machine Specification
user.dir=/tmp/arasuite_unix_2_2_4.sh.4296.dir
java.runtime.version=1.8.0_151-8u151-b12-0ubuntu0.16.04.2-b12
java.awt.graphicsenv=sun.awt.X11GraphicsEnvironment
i4jv=0
java.endorsed.dirs=/usr/lib/jvm/java-8-openjdk-amd64/jre...
os.arch=amd64
java.io.tmpdir=/tmp
line.separator=

java.vm.specification.vendor=Oracle Corporation
os.name=Linux
exe4j.totalDataLength=63385928
sun.java2d.noddraw=true
sun.jnu.encoding=UTF-8
java.library.path=/usr/java/packages/lib/amd64:/usr/lib...
install4j.defaultLanguage=es
sun.awt.enableExtraMouseButtons=true
java.specification.name=Java Platform API Specification
java.class.version=52.0
sun.management.compiler=HotSpot 64-Bit Tiered Compilers
os.version=4.4.0-98-generic
i4j.vpt=true
user.home=/home/jose
install4j.cwd=/tmp
user.timezone=Europe/Madrid
java.awt.printerjob=sun.print.PSPrinterJob
java.specification.version=1.8
install4j.jvmDir=/usr/lib/jvm/java-8-openjdk-amd64/jre
file.encoding=UTF-8
user.name=jose
java.class.path=i4jruntime.jar:user.jar
java.vm.specification.version=1.8
sun.arch.data.model=64
java.home=/usr/lib/jvm/java-8-openjdk-amd64/jre
sun.java.command=com.install4j.runtime.launcher.UnixLa...
java.specification.vendor=Oracle Corporation
user.language=ca
awt.toolkit=sun.awt.X11.XToolkit
java.vm.info=mixed mode
java.version=1.8.0_151
java.ext.dirs=/usr/lib/jvm/java-8-openjdk-amd64/jre...
sun.boot.class.path=/usr/lib/jvm/java-8-openjdk-amd64/jre...
java.vendor=Oracle Corporation
install4j.appDir=/tmp/
file.separator=/
java.vendor.url.bug=http://bugreport.sun.com/bugreport/
sun.cpu.endian=little
sun.io.unicode.encoding=UnicodeLittle
sun.font.fontmanager=sun.awt.X11FontManager
sun.cpu.isalist=
[INFO] com.install4j.runtime.beans.actions.misc.RequestPrivilegesAction [ID 13]: Execute action
       Property allRequested: false
       Property failIfNotObtainedMac: true
       Property failIfNotObtainedWin: true
       Property failIfNotRootUnix: false
       Property obtainIfAdminMac: false
       Property obtainIfAdminWin: false
       Property obtainIfNormalMac: false
       Property obtainIfNormalWin: true
       Property rollbackSupported: false
       Execute action successful after 1 ms
[INFO] com.install4j.runtime.beans.screens.StartupScreen [ID 1]: command: move 1 screens, executing actions, checking condition
[INFO] com.install4j.runtime.beans.screens.WelcomeScreen [ID 2]: Show screen
       thread name AWT-EventQueue-0
[INFO] com.install4j.runtime.beans.screens.WelcomeScreen [ID 2]: command: move 1 screens, executing actions, checking condition
[INFO] com.install4j.runtime.beans.screens.InstallationDirectoryScreen [ID 4]: Show screen
       checking writable with maximum
[INFO] com.install4j.runtime.beans.actions.misc.LoadResponseFileAction [ID 5]: Execute action
       Property overwriteStrategy: Do not overwrite command line
       Property registerForResponseFile: true
       Property excludedVariables: [sys.installationDir]
       Property file: null
       Property rollbackSupported: true
       Response file /home/jose/AraSuite/.install4j/response.varfile does not exist
       Execute action successful after 1 ms
[INFO] com.install4j.runtime.beans.screens.InstallationDirectoryScreen [ID 4]: command: move 1 screens, executing actions, checking condition
[INFO] com.install4j.runtime.beans.screens.StandardProgramGroupScreen [ID 7]: Show screen
       Variable changed: sys.symlinkDir=/usr/local/bin[class java.lang.String]
       Variable changed: sys.programGroupDisabled=false[class java.lang.Boolean]
[INFO] com.install4j.runtime.beans.screens.StandardProgramGroupScreen [ID 7]: command: move 1 screens, executing actions, checking condition
[INFO] com.install4j.runtime.beans.screens.InstallationScreen [ID 8]: Show screen
[INFO] com.install4j.runtime.beans.actions.InstallFilesAction [ID 9]: Execute action
       Property checkFreeSpace: true
       Property installRuntime: true
       Property validateApplicationId: false
       Property sizeCalculatorScript: null
       Property saveDownloadedFiles: false
       Property updateBundledJre: true
       Property showFileNames: true
       Property delay: false
       Property triggerReboot: true
       Property directoryResolverScript: null
       Property fileFilterScript: null
       Property rollbackSupported: true
       Install file: /home/jose/AraSuite/.install4j/2bfa42ba.lprop; size: 54 bytes; exists: false
       File options set to: [fileTime: Mon Oct 30 08:27:54 CET 2017, mode: 644, overwriteMode: Always ask except for update, shared: false, uninstallMode: If created, delayIfNecessary: false]
       Install file: /home/jose/AraSuite/.install4j/90d69336.lprop; size: 189 bytes; exists: false
       Install file: /home/jose/AraSuite/.install4j/AraWordApp.png; size: 5809 bytes; exists: false
       File options set to: [fileTime: Mon Oct 30 08:27:54 CET 2017, mode: 644, overwriteMode: Always ask except for update, shared: false, uninstallMode: Always, delayIfNecessary: false]
       Install file: /home/jose/AraSuite/.install4j/GalleryManagerApp.png; size: 3548 bytes; exists: false
       Install file: /home/jose/AraSuite/.install4j/TICOApp.png; size: 5118 bytes; exists: false
       Install file: /home/jose/AraSuite/.install4j/TICOInterpreterApp.png; size: 5643 bytes; exists: false
       Install file: /home/jose/AraSuite/.install4j/aba40fa8.lprop; size: 189 bytes; exists: false
       File options set to: [fileTime: Mon Oct 30 08:27:54 CET 2017, mode: 644, overwriteMode: Always ask except for update, shared: false, uninstallMode: If created, delayIfNecessary: false]
       Install file: /home/jose/AraSuite/.install4j/adb5695d.lprop; size: 189 bytes; exists: false
       Install file: /home/jose/AraSuite/.install4j/f9a555e2.lprop; size: 189 bytes; exists: false
       Install file: /home/jose/AraSuite/.install4j/s_eqt5hw.png; size: 48910 bytes; exists: false
       File options set to: [fileTime: Mon Oct 30 08:27:54 CET 2017, mode: 644, overwriteMode: Always ask except for update, shared: false, uninstallMode: Always, delayIfNecessary: false]
       Install file: /home/jose/AraSuite/.install4j/uninstall.png; size: 73008 bytes; exists: false
       Install file: /home/jose/AraSuite/AraWord/.classpath; size: 964 bytes; exists: false
       File options set to: [fileTime: Mon Oct 30 08:27:44 CET 2017, mode: 777, overwriteMode: Always ask except for update, shared: false, uninstallMode: If created, delayIfNecessary: false]
       Install file: /home/jose/AraSuite/AraWord/AraWord.jar; size: 142979 bytes; exists: false
       Install file: /home/jose/AraSuite/AraWord/AraWordApp; size: 12117 bytes; exists: false
       File options set to: [fileTime: Mon Oct 30 08:27:54 CET 2017, mode: 755, overwriteMode: If newer otherwise ask, shared: false, uninstallMode: If created, delayIfNecessary: false]
       Install file: /home/jose/AraSuite/AraWord/LICENSE.txt; size: 35823 bytes; exists: false
       File options set to: [fileTime: Mon Oct 30 08:27:44 CET 2017, mode: 777, overwriteMode: Always ask except for update, shared: false, uninstallMode: If created, delayIfNecessary: false]
       Install file: /home/jose/AraSuite/AraWord/conf/AWSystem.conf; size: 1911 bytes; exists: false
       Install file: /home/jose/AraSuite/AraWord/conf/AWUserDefaults.conf; size: 674 bytes; exists: false
       Install file: /home/jose/AraSuite/AraWord/doc/Manual_AraWord.pdf; size: 3880491 bytes; exists: false
       Install file: /home/jose/AraSuite/AraWord/examples/example.awd; size: 2372 bytes; exists: false
       Install file: /home/jose/AraSuite/AraWord/lang/br.lang; size: 6151 bytes; exists: false
       Install file: /home/jose/AraSuite/AraWord/lang/ca.lang; size: 6049 bytes; exists: false
       Install file: /home/jose/AraSuite/AraWord/lang/de.lang; size: 6442 bytes; exists: false
       Install file: /home/jose/AraSuite/AraWord/lang/ek.lang; size: 6154 bytes; exists: false
       Install file: /home/jose/AraSuite/AraWord/lang/en.lang; size: 5723 bytes; exists: false
       Install file: /home/jose/AraSuite/AraWord/lang/es.lang; size: 6126 bytes; exists: false
       Install file: /home/jose/AraSuite/AraWord/lang/fr.lang; size: 6283 bytes; exists: false
       Install file: /home/jose/AraSuite/AraWord/lang/gl.lang; size: 6098 bytes; exists: false
       Install file: /home/jose/AraSuite/AraWord/lang/it.lang; size: 6047 bytes; exists: false
       Install file: /home/jose/AraSuite/AraWord/lang/pt.lang; size: 6125 bytes; exists: false
       Install file: /home/jose/AraSuite/AraWord/lang/va.lang; size: 6121 bytes; exists: false
       Install file: /home/jose/AraSuite/AraWord/lib/AbsoluteLayout.jar; size: 2850 bytes; exists: false
       Install file: /home/jose/AraSuite/AraWord/lib/appframework-1.0.3.jar; size: 264192 bytes; exists: false
       Install file: /home/jose/AraSuite/AraWord/lib/iText-5.0.4.jar; size: 1597412 bytes; exists: false
       Install file: /home/jose/AraSuite/AraWord/lib/javacsv.jar; size: 13582 bytes; exists: false
       Install file: /home/jose/AraSuite/AraWord/lib/javazoom.jar; size: 109957 bytes; exists: false
       Install file: /home/jose/AraSuite/AraWord/lib/jdom.jar; size: 152797 bytes; exists: false
       Install file: /home/jose/AraSuite/AraWord/lib/jfontchooser-1.0.5.jar; size: 16703 bytes; exists: false
       Install file: /home/jose/AraSuite/AraWord/lib/sound/javalayer.jar; size: 90240 bytes; exists: false
       Install file: /home/jose/AraSuite/AraWord/lib/sound/jl1.0.jar; size: 105446 bytes; exists: false
       Install file: /home/jose/AraSuite/AraWord/lib/sound/jogg-0.0.7.jar; size: 6839 bytes; exists: false
       Install file: /home/jose/AraSuite/AraWord/lib/sound/jorbis-0.0.15.jar; size: 58917 bytes; exists: false
       Install file: /home/jose/AraSuite/AraWord/lib/sound/tritonus_jorbis.jar; size: 11628 bytes; exists: false
       Install file: /home/jose/AraSuite/AraWord/lib/sound/tritonus_mp3.jar; size: 22155 bytes; exists: false
       Install file: /home/jose/AraSuite/AraWord/lib/sound/tritonus_share.jar; size: 102673 bytes; exists: false
       Install file: /home/jose/AraSuite/AraWord/lib/sqlitejdbc-v056.jar; size: 2684154 bytes; exists: false
       Install file: /home/jose/AraSuite/AraWord/lib/swing-layout-1.0.4.jar; size: 117412 bytes; exists: false
       Install file: /home/jose/AraSuite/AraWord/lib/swing-worker-1.1.jar; size: 11007 bytes; exists: false
       Install file: /home/jose/AraSuite/AraWord/resources/404.jpg; size: 679 bytes; exists: false
       Install file: /home/jose/AraSuite/AraWord/resources/Aleman_verbs.txt; size: 0 bytes; exists: false
       Install file: /home/jose/AraSuite/AraWord/resources/Castellano_verbs.txt; size: 15028466 bytes; exists: false
       Install file: /home/jose/AraSuite/AraWord/resources/Catalan_verbs.txt; size: 902121 bytes; exists: false
       Install file: /home/jose/AraSuite/AraWord/resources/Euskara_verbs.txt; size: 0 bytes; exists: false
       Install file: /home/jose/AraSuite/AraWord/resources/Frances_verbs.txt; size: 100485 bytes; exists: false
       Install file: /home/jose/AraSuite/AraWord/resources/Gallego_verbs.txt; size: 0 bytes; exists: false
       Install file: /home/jose/AraSuite/AraWord/resources/Ingles_verbs.txt; size: 10110902 bytes; exists: false
       Install file: /home/jose/AraSuite/AraWord/resources/Italiano_verbs.txt; size: 804256 bytes; exists: false
       Install file: /home/jose/AraSuite/AraWord/resources/Portugues Brasil_verbs.txt; size: 0 bytes; exists: false
       Install file: /home/jose/AraSuite/AraWord/resources/Portugues_verbs.txt; size: 0 bytes; exists: false
       Install file: /home/jose/AraSuite/AraWord/resources/ayuda.txt; size: 491 bytes; exists: false
       Install file: /home/jose/AraSuite/AraWord/resources/imgToolbar/ARASAACIcons/edit-copy.png; size: 33786 bytes; exists: false
       Install file: /home/jose/AraSuite/AraWord/resources/imgToolbar/ARASAACIcons/edit-cut.png; size: 38521 bytes; exists: false
       Install file: /home/jose/AraSuite/AraWord/resources/imgToolbar/ARASAACIcons/edit-paste.png; size: 51288 bytes; exists: false
       Install file: /home/jose/AraSuite/AraWord/resources/imgToolbar/ARASAACIcons/edit-redo.png; size: 24351 bytes; exists: false
       Install file: /home/jose/AraSuite/AraWord/resources/imgToolbar/ARASAACIcons/edit-undo.png; size: 24409 bytes; exists: false
       Install file: /home/jose/AraSuite/AraWord/resources/imgToolbar/ARASAACIcons/file-new.png; size: 34716 bytes; exists: false
       Install file: /home/jose/AraSuite/AraWord/resources/imgToolbar/ARASAACIcons/file-open.png; size: 54279 bytes; exists: false
       Install file: /home/jose/AraSuite/AraWord/resources/imgToolbar/ARASAACIcons/file-save-as.png; size: 33817 bytes; exists: false
       Install file: /home/jose/AraSuite/AraWord/resources/imgToolbar/ARASAACIcons/pictograms-change-name.png; size: 43240 bytes; exists: false
       Install file: /home/jose/AraSuite/AraWord/resources/imgToolbar/ARASAACIcons/pictograms-compound-split-word.png; size: 53837 bytes; exists: false
       Install file: /home/jose/AraSuite/AraWord/resources/imgToolbar/ARASAACIcons/pictograms-insert-image.png; size: 88354 bytes; exists: false
       Install file: /home/jose/AraSuite/AraWord/resources/imgToolbar/ARASAACIcons/pictograms-next-image.png; size: 89854 bytes; exists: false
       Install file: /home/jose/AraSuite/AraWord/resources/imgToolbar/ARASAACIcons/voice-sintesys.png; size: 12884 bytes; exists: false
       Install file: /home/jose/AraSuite/AraWord/resources/imgToolbar/classicIcons/edit-copy.png; size: 725 bytes; exists: false
       Install file: /home/jose/AraSuite/AraWord/resources/imgToolbar/classicIcons/edit-cut.png; size: 1177 bytes; exists: false
       Install file: /home/jose/AraSuite/AraWord/resources/imgToolbar/classicIcons/edit-paste.png; size: 773 bytes; exists: false
       Install file: /home/jose/AraSuite/AraWord/resources/imgToolbar/classicIcons/edit-redo.png; size: 810 bytes; exists: false
       Install file: /home/jose/AraSuite/AraWord/resources/imgToolbar/classicIcons/edit-undo.png; size: 1011 bytes; exists: false
       Install file: /home/jose/AraSuite/AraWord/resources/imgToolbar/classicIcons/file-new.png; size: 692 bytes; exists: false
       Install file: /home/jose/AraSuite/AraWord/resources/imgToolbar/classicIcons/file-open.png; size: 1001 bytes; exists: false
       Install file: /home/jose/AraSuite/AraWord/resources/imgToolbar/classicIcons/file-save-as.png; size: 1097 bytes; exists: false
       Install file: /home/jose/AraSuite/AraWord/resources/imgToolbar/classicIcons/pictograms-change-name.png; size: 1320 bytes; exists: false
       Install file: /home/jose/AraSuite/AraWord/resources/imgToolbar/classicIcons/pictograms-compound-split-word.png; size: 908 bytes; exists: false
       Install file: /home/jose/AraSuite/AraWord/resources/imgToolbar/classicIcons/pictograms-insert-image.png; size: 88354 bytes; exists: false
       Install file: /home/jose/AraSuite/AraWord/resources/imgToolbar/classicIcons/pictograms-next-image.png; size: 2142 bytes; exists: false
       Install file: /home/jose/AraSuite/AraWord/resources/logo.ico; size: 22486 bytes; exists: false
       Install file: /home/jose/AraSuite/AraWord/resources/logo.png; size: 66927 bytes; exists: false
       Install file: /home/jose/AraSuite/AraWord/resources/logoSmall.png; size: 24636 bytes; exists: false
       Install file: /home/jose/AraSuite/GalleryManager/GalleryManager.jar; size: 78320 bytes; exists: false
       Install file: /home/jose/AraSuite/GalleryManager/GalleryManagerApp; size: 12120 bytes; exists: false
       File options set to: [fileTime: Mon Oct 30 08:27:54 CET 2017, mode: 755, overwriteMode: If newer otherwise ask, shared: false, uninstallMode: If created, delayIfNecessary: false]
       Install file: /home/jose/AraSuite/GalleryManager/GalleryManagerApp.vmoptions; size: 243 bytes; exists: false
       File options set to: [fileTime: Mon Oct 30 08:27:54 CET 2017, mode: 644, overwriteMode: Never, shared: false, uninstallMode: If created, but not for update, delayIfNecessary: false]
       Install file: /home/jose/AraSuite/GalleryManager/lang/br.properties; size: 5765 bytes; exists: false
       File options set to: [fileTime: Mon Oct 30 08:27:44 CET 2017, mode: 777, overwriteMode: Always ask except for update, shared: false, uninstallMode: If created, delayIfNecessary: false]
       Install file: /home/jose/AraSuite/GalleryManager/lang/ca.properties; size: 5683 bytes; exists: false
       Install file: /home/jose/AraSuite/GalleryManager/lang/de.properties; size: 5909 bytes; exists: false
       Install file: /home/jose/AraSuite/GalleryManager/lang/en.properties; size: 5488 bytes; exists: false
       Install file: /home/jose/AraSuite/GalleryManager/lang/es.properties; size: 5797 bytes; exists: false
       Install file: /home/jose/AraSuite/GalleryManager/lang/fr.properties; size: 5931 bytes; exists: false
       Install file: /home/jose/AraSuite/GalleryManager/lang/it.properties; size: 5705 bytes; exists: false
       Install file: /home/jose/AraSuite/GalleryManager/lang/languages.properties; size: 345 bytes; exists: false
       Install file: /home/jose/AraSuite/GalleryManager/lang/pt.properties; size: 5767 bytes; exists: false
       Install file: /home/jose/AraSuite/GalleryManager/libs/activation-jar-1.1.jar; size: 62983 bytes; exists: false
       Install file: /home/jose/AraSuite/GalleryManager/libs/forms-jar-1.2.1.jar; size: 118407 bytes; exists: false
       Install file: /home/jose/AraSuite/GalleryManager/libs/forms-javadoc-1.2.1.jar; size: 348520 bytes; exists: false
       Install file: /home/jose/AraSuite/GalleryManager/libs/forms-source-1.2.1.jar; size: 163427 bytes; exists: false
       Install file: /home/jose/AraSuite/GalleryManager/libs/jaxb-api-jar-2.1.jar; size: 89967 bytes; exists: false
       Install file: /home/jose/AraSuite/GalleryManager/libs/jaxb-impl-jar-2.1.9.jar; size: 856752 bytes; exists: false
       Install file: /home/jose/AraSuite/GalleryManager/libs/jaxb-impl-source-2.1.9.jar; size: 981431 bytes; exists: false
       Install file: /home/jose/AraSuite/GalleryManager/libs/jcert.jar; size: 11803 bytes; exists: false
       Install file: /home/jose/AraSuite/GalleryManager/libs/jdom.jar; size: 152797 bytes; exists: false
       Install file: /home/jose/AraSuite/GalleryManager/libs/jnet.jar; size: 6315 bytes; exists: false
       Install file: /home/jose/AraSuite/GalleryManager/libs/jsse.jar; size: 515469 bytes; exists: false
       Install file: /home/jose/AraSuite/GalleryManager/libs/sqlitejdbc-v056.jar; size: 2684154 bytes; exists: false
       Install file: /home/jose/AraSuite/GalleryManager/libs/stax-api-jar-1.0-2.jar; size: 23346 bytes; exists: false
       Install file: /home/jose/AraSuite/TICO/CHANGELOG.txt; size: 1214 bytes; exists: false
       Install file: /home/jose/AraSuite/TICO/LICENSE.txt; size: 35823 bytes; exists: false
       Install file: /home/jose/AraSuite/TICO/README.txt; size: 1721 bytes; exists: false
       Install file: /home/jose/AraSuite/TICO/TICOApp; size: 12110 bytes; exists: false
       File options set to: [fileTime: Mon Oct 30 08:27:54 CET 2017, mode: 755, overwriteMode: If newer otherwise ask, shared: false, uninstallMode: If created, delayIfNecessary: false]
       Install file: /home/jose/AraSuite/TICO/TICOApp.vmoptions; size: 243 bytes; exists: false
       File options set to: [fileTime: Mon Oct 30 08:27:54 CET 2017, mode: 644, overwriteMode: Never, shared: false, uninstallMode: If created, but not for update, delayIfNecessary: false]
       Install file: /home/jose/AraSuite/TICO/TICOInterpreterApp; size: 12535 bytes; exists: false
       File options set to: [fileTime: Mon Oct 30 08:27:54 CET 2017, mode: 755, overwriteMode: If newer otherwise ask, shared: false, uninstallMode: If created, delayIfNecessary: false]
       Install file: /home/jose/AraSuite/TICO/TICOInterpreterApp.vmoptions; size: 243 bytes; exists: false
       File options set to: [fileTime: Mon Oct 30 08:27:54 CET 2017, mode: 644, overwriteMode: Never, shared: false, uninstallMode: If created, but not for update, delayIfNecessary: false]
       Install file: /home/jose/AraSuite/TICO/cgjsapi170.dll; size: 172032 bytes; exists: false
       File options set to: [fileTime: Mon Oct 30 08:27:44 CET 2017, mode: 777, overwriteMode: Always ask except for update, shared: false, uninstallMode: If created, delayIfNecessary: false]
       Install file: /home/jose/AraSuite/TICO/cgjsapi170_x64.dll; size: 196608 bytes; exists: false
       Install file: /home/jose/AraSuite/TICO/conf/default_params_resolution.xml; size: 16795 bytes; exists: false
       Install file: /home/jose/AraSuite/TICO/conf/default_rules.xml; size: 4897 bytes; exists: false
       Install file: /home/jose/AraSuite/TICO/conf/params_resolution.xml; size: 16795 bytes; exists: false
       Install file: /home/jose/AraSuite/TICO/conf/rules.xml; size: 4899 bytes; exists: false
       Install file: /home/jose/AraSuite/TICO/conf/tico.conf; size: 540 bytes; exists: false
       Install file: /home/jose/AraSuite/TICO/conf/users.xml; size: 85 bytes; exists: false
       Install file: /home/jose/AraSuite/TICO/controller-icons/controller-copy.png; size: 11552 bytes; exists: false
       Install file: /home/jose/AraSuite/TICO/controller-icons/controller-exit.png; size: 16581 bytes; exists: false
       Install file: /home/jose/AraSuite/TICO/controller-icons/controller-home.png; size: 15963 bytes; exists: false
       Install file: /home/jose/AraSuite/TICO/controller-icons/controller-read.png; size: 25814 bytes; exists: false
       Install file: /home/jose/AraSuite/TICO/controller-icons/controller-return.png; size: 26827 bytes; exists: false
       Install file: /home/jose/AraSuite/TICO/controller-icons/controller-stop.png; size: 21033 bytes; exists: false
       Install file: /home/jose/AraSuite/TICO/controller-icons/controller-undo-all.png; size: 41460 bytes; exists: false
       Install file: /home/jose/AraSuite/TICO/controller-icons/controller-undo.png; size: 33871 bytes; exists: false
       Install file: /home/jose/AraSuite/TICO/dist/tico-bin-other-beta1.zip; size: 11828282 bytes; exists: false
       Install file: /home/jose/AraSuite/TICO/dist/tico-bin-w32-e1.5.exe; size: 17030154 bytes; exists: false
       Install file: /home/jose/AraSuite/TICO/doc/manual latex/figures/abrir proyecto.png; size: 26544 bytes; exists: false
       Install file: /home/jose/AraSuite/TICO/doc/manual latex/figures/abrir-proyecto.png; size: 26544 bytes; exists: false
       Install file: /home/jose/AraSuite/TICO/doc/manual latex/figures/administracion-limitaciones.png; size: 38340 bytes; exists: false
       Install file: /home/jose/AraSuite/TICO/doc/manual latex/figures/administracion-reglas.png; size: 34054 bytes; exists: false
       Install file: /home/jose/AraSuite/TICO/doc/manual latex/figures/administracion-usuarios.png; size: 15754 bytes; exists: false
       Install file: /home/jose/AraSuite/TICO/doc/manual latex/figures/administrar.png; size: 44244 bytes; exists: false
       Install file: /home/jose/AraSuite/TICO/doc/manual latex/figures/anyadir-regla.png; size: 32398 bytes; exists: false
       Install file: /home/jose/AraSuite/TICO/doc/manual latex/figures/archive-new-android-22.png; size: 890 bytes; exists: false
       Install file: /home/jose/AraSuite/TICO/doc/manual latex/figures/aviso-fila-incompleta.png; size: 8661 bytes; exists: false
       Install file: /home/jose/AraSuite/TICO/doc/manual latex/figures/board-list-delete.eps; size: 8736 bytes; exists: false
       Install file: /home/jose/AraSuite/TICO/doc/manual latex/figures/board-list-delete.png; size: 605 bytes; exists: false
       Install file: /home/jose/AraSuite/TICO/doc/manual latex/figures/board-list-new.eps; size: 8733 bytes; exists: false
       Install file: /home/jose/AraSuite/TICO/doc/manual latex/figures/board-list-new.png; size: 525 bytes; exists: false
       Install file: /home/jose/AraSuite/TICO/doc/manual latex/figures/board-list.eps; size: 129198 bytes; exists: false
       Install file: /home/jose/AraSuite/TICO/doc/manual latex/figures/board-list.png; size: 1618 bytes; exists: false
       Install file: /home/jose/AraSuite/TICO/doc/manual latex/figures/board-properties-order-add.eps; size: 6698 bytes; exists: false
       Install file: /home/jose/AraSuite/TICO/doc/manual latex/figures/board-properties-order-add.png; size: 310 bytes; exists: false
       Install file: /home/jose/AraSuite/TICO/doc/manual latex/figures/board-properties-order-component.eps; size: 544557 bytes; exists: false
       Install file: /home/jose/AraSuite/TICO/doc/manual latex/figures/board-properties-order-component.png; size: 3875 bytes; exists: false
       Install file: /home/jose/AraSuite/TICO/doc/manual latex/figures/board-properties-order-remove.eps; size: 6701 bytes; exists: false
       Install file: /home/jose/AraSuite/TICO/doc/manual latex/figures/board-properties-order-remove.png; size: 314 bytes; exists: false
       Install file: /home/jose/AraSuite/TICO/doc/manual latex/figures/borrar-limitacion.png; size: 12318 bytes; exists: false
       Install file: /home/jose/AraSuite/TICO/doc/manual latex/figures/borrar-usuario.png; size: 10522 bytes; exists: false
       Install file: /home/jose/AraSuite/TICO/doc/manual latex/figures/busqueda-imagenes.png; size: 83560 bytes; exists: false
       Install file: /home/jose/AraSuite/TICO/doc/manual latex/figures/busqueda-nombre.png; size: 107607 bytes; exists: false
       Install file: /home/jose/AraSuite/TICO/doc/manual latex/figures/busqueda-nombre2.png; size: 70885 bytes; exists: false
       Install file: /home/jose/AraSuite/TICO/doc/manual latex/figures/cargar-limitacion.png; size: 41081 bytes; exists: false
       Install file: /home/jose/AraSuite/TICO/doc/manual latex/figures/cargar-usuario.png; size: 17216 bytes; exists: false
       Install file: /home/jose/AraSuite/TICO/doc/manual latex/figures/cell-dialog-examples-1.eps; size: 139118 bytes; exists: false
       Install file: /home/jose/AraSuite/TICO/doc/manual latex/figures/cell-dialog-examples-1.png; size: 30105 bytes; exists: false
       Install file: /home/jose/AraSuite/TICO/doc/manual latex/figures/cell-dialog-examples-2.eps; size: 132794 bytes; exists: false
       Install file: /home/jose/AraSuite/TICO/doc/manual latex/figures/cell-dialog-examples-2.png; size: 32187 bytes; exists: false
       Install file: /home/jose/AraSuite/TICO/doc/manual latex/figures/cell-dialog-examples-3.eps; size: 138869 bytes; exists: false
       Install file: /home/jose/AraSuite/TICO/doc/manual latex/figures/cell-dialog-examples-3.png; size: 40811 bytes; exists: false
       Install file: /home/jose/AraSuite/TICO/doc/manual latex/figures/cell-dialog-examples-4.png; size: 16364 bytes; exists: false
       Install file: /home/jose/AraSuite/TICO/doc/manual latex/figures/cell-order-down.eps; size: 8734 bytes; exists: false
       Install file: /home/jose/AraSuite/TICO/doc/manual latex/figures/cell-order-down.png; size: 730 bytes; exists: false
       Install file: /home/jose/AraSuite/TICO/doc/manual latex/figures/cell-order-up.eps; size: 8732 bytes; exists: false
       Install file: /home/jose/AraSuite/TICO/doc/manual latex/figures/cell-order-up.png; size: 695 bytes; exists: false
       Install file: /home/jose/AraSuite/TICO/doc/manual latex/figures/cell-order.eps; size: 254578 bytes; exists: false
       Install file: /home/jose/AraSuite/TICO/doc/manual latex/figures/cell-order.png; size: 2028 bytes; exists: false
       Install file: /home/jose/AraSuite/TICO/doc/manual latex/figures/component-examples-cell.eps; size: 552324 bytes; exists: false
       Install file: /home/jose/AraSuite/TICO/doc/manual latex/figures/component-examples-cell.png; size: 7278 bytes; exists: false
       Install file: /home/jose/AraSuite/TICO/doc/manual latex/figures/component-examples-control-cell.png; size: 6770 bytes; exists: false
       Install file: /home/jose/AraSuite/TICO/doc/manual latex/figures/component-examples-grid.eps; size: 781434 bytes; exists: false
       Install file: /home/jose/AraSuite/TICO/doc/manual latex/figures/component-examples-grid.png; size: 36224 bytes; exists: false
       Install file: /home/jose/AraSuite/TICO/doc/manual latex/figures/component-examples-label.eps; size: 213955 bytes; exists: false
       Install file: /home/jose/AraSuite/TICO/doc/manual latex/figures/component-examples-label.png; size: 9450 bytes; exists: false
       Install file: /home/jose/AraSuite/TICO/doc/manual latex/figures/component-examples-line.eps; size: 90177 bytes; exists: false
       Install file: /home/jose/AraSuite/TICO/doc/manual latex/figures/component-examples-line.png; size: 3324 bytes; exists: false
       Install file: /home/jose/AraSuite/TICO/doc/manual latex/figures/component-examples-oval.eps; size: 382244 bytes; exists: false
       Install file: /home/jose/AraSuite/TICO/doc/manual latex/figures/component-examples-oval.png; size: 13823 bytes; exists: false
       Install file: /home/jose/AraSuite/TICO/doc/manual latex/figures/component-examples-rectangle.eps; size: 525036 bytes; exists: false
       Install file: /home/jose/AraSuite/TICO/doc/manual latex/figures/component-examples-rectangle.png; size: 3069 bytes; exists: false
       Install file: /home/jose/AraSuite/TICO/doc/manual latex/figures/component-examples-round-rect.eps; size: 722797 bytes; exists: false
       Install file: /home/jose/AraSuite/TICO/doc/manual latex/figures/component-examples-round-rect.png; size: 13841 bytes; exists: false
       Install file: /home/jose/AraSuite/TICO/doc/manual latex/figures/component-examples-text-area.eps; size: 532741 bytes; exists: false
       Install file: /home/jose/AraSuite/TICO/doc/manual latex/figures/component-examples-text-area.png; size: 4913 bytes; exists: false
       Install file: /home/jose/AraSuite/TICO/doc/manual latex/figures/dialogo-nuevo-android.png; size: 18187 bytes; exists: false
       Install file: /home/jose/AraSuite/TICO/doc/manual latex/figures/editor-example-original.eps; size: 2889309 bytes; exists: false
       Install file: /home/jose/AraSuite/TICO/doc/manual latex/figures/editor-example-original.png; size: 47063 bytes; exists: false
       Install file: /home/jose/AraSuite/TICO/doc/manual latex/figures/editor-example.eps; size: 2889300 bytes; exists: false
       Install file: /home/jose/AraSuite/TICO/doc/manual latex/figures/editor-example.png; size: 63314 bytes; exists: false
       Install file: /home/jose/AraSuite/TICO/doc/manual latex/figures/ejemplo-busqueda1.png; size: 70348 bytes; exists: false
       Install file: /home/jose/AraSuite/TICO/doc/manual latex/figures/ejemplo-busqueda2.png; size: 62721 bytes; exists: false
       Install file: /home/jose/AraSuite/TICO/doc/manual latex/figures/eliminar-imagen.png; size: 64200 bytes; exists: false
       Install file: /home/jose/AraSuite/TICO/doc/manual latex/figures/error-guardar-requisitos.png; size: 9913 bytes; exists: false
       Install file: /home/jose/AraSuite/TICO/doc/manual latex/figures/exportar.png; size: 65845 bytes; exists: false
       Install file: /home/jose/AraSuite/TICO/doc/manual latex/figures/guardar-proyecto.png; size: 34960 bytes; exists: false
       Install file: /home/jose/AraSuite/TICO/doc/manual latex/figures/handler-cell-controller-22.png; size: 655 bytes; exists: false
       Install file: /home/jose/AraSuite/TICO/doc/manual latex/figures/importar.png; size: 22031 bytes; exists: false
       Install file: /home/jose/AraSuite/TICO/doc/manual latex/figures/insertar-imagen.png; size: 31533 bytes; exists: false
       Install file: /home/jose/AraSuite/TICO/doc/manual latex/figures/interprete.png; size: 162716 bytes; exists: false
       Install file: /home/jose/AraSuite/TICO/doc/manual latex/figures/menu-acciones.png; size: 14503 bytes; exists: false
       Install file: /home/jose/AraSuite/TICO/doc/manual latex/figures/menu-pictogramas.png; size: 45098 bytes; exists: false
       Install file: /home/jose/AraSuite/TICO/doc/manual latex/figures/modificar-imagen.png; size: 64245 bytes; exists: false
       Install file: /home/jose/AraSuite/TICO/doc/manual latex/figures/modificar.png; size: 30755 bytes; exists: false
       Install file: /home/jose/AraSuite/TICO/doc/manual latex/figures/modo-android.png; size: 44306 bytes; exists: false
       Install file: /home/jose/AraSuite/TICO/doc/manual latex/figures/modo-normal.png; size: 39670 bytes; exists: false
       Install file: /home/jose/AraSuite/TICO/doc/manual latex/figures/opciones-interprete.png; size: 23935 bytes; exists: false
       Install file: /home/jose/AraSuite/TICO/doc/manual latex/figures/propiedades-celda-control-1.png; size: 29671 bytes; exists: false
       Install file: /home/jose/AraSuite/TICO/doc/manual latex/figures/propiedades-celda-control-2.png; size: 44680 bytes; exists: false
       Install file: /home/jose/AraSuite/TICO/doc/manual latex/figures/proyecto-android.png; size: 154205 bytes; exists: false
       Install file: /home/jose/AraSuite/TICO/doc/manual latex/figures/proyecto-normal.png; size: 112615 bytes; exists: false
       Install file: /home/jose/AraSuite/TICO/doc/manual latex/figures/reglas-predeterminadas.png; size: 13858 bytes; exists: false
       Install file: /home/jose/AraSuite/TICO/doc/manual latex/figures/sugerencias-interprete.png; size: 26858 bytes; exists: false
       Install file: /home/jose/AraSuite/TICO/doc/manual latex/figures/sugerencias-proyecto.png; size: 20766 bytes; exists: false
       Install file: /home/jose/AraSuite/TICO/doc/manual latex/figures/sugerencias-tablero.png; size: 22442 bytes; exists: false
       Install file: /home/jose/AraSuite/TICO/doc/manual latex/figures/terminos-clave.png; size: 22562 bytes; exists: false
       Install file: /home/jose/AraSuite/TICO/doc/manual latex/figures/toolbar-actions-cell.eps; size: 10569 bytes; exists: false
       Install file: /home/jose/AraSuite/TICO/doc/manual latex/figures/toolbar-actions-cell.png; size: 991 bytes; exists: false
       Install file: /home/jose/AraSuite/TICO/doc/manual latex/figures/toolbar-actions-grid.eps; size: 10569 bytes; exists: false
       Install file: /home/jose/AraSuite/TICO/doc/manual latex/figures/toolbar-actions-grid.png; size: 1269 bytes; exists: false
       Install file: /home/jose/AraSuite/TICO/doc/manual latex/figures/toolbar-actions-label.eps; size: 10570 bytes; exists: false
       Install file: /home/jose/AraSuite/TICO/doc/manual latex/figures/toolbar-actions-label.png; size: 1358 bytes; exists: false
       Install file: /home/jose/AraSuite/TICO/doc/manual latex/figures/toolbar-actions-line.eps; size: 7392 bytes; exists: false
       Install file: /home/jose/AraSuite/TICO/doc/manual latex/figures/toolbar-actions-line.png; size: 509 bytes; exists: false
       Install file: /home/jose/AraSuite/TICO/doc/manual latex/figures/toolbar-actions-oval.eps; size: 10569 bytes; exists: false
       Install file: /home/jose/AraSuite/TICO/doc/manual latex/figures/toolbar-actions-oval.png; size: 856 bytes; exists: false
       Install file: /home/jose/AraSuite/TICO/doc/manual latex/figures/toolbar-actions-rectangle.eps; size: 10574 bytes; exists: false
       Install file: /home/jose/AraSuite/TICO/doc/manual latex/figures/toolbar-actions-rectangle.png; size: 294 bytes; exists: false
       Install file: /home/jose/AraSuite/TICO/doc/manual latex/figures/toolbar-actions-round-rect.eps; size: 10575 bytes; exists: false
       Install file: /home/jose/AraSuite/TICO/doc/manual latex/figures/toolbar-actions-round-rect.png; size: 508 bytes; exists: false
       Install file: /home/jose/AraSuite/TICO/doc/manual latex/figures/toolbar-actions-select.eps; size: 7394 bytes; exists: false
       Install file: /home/jose/AraSuite/TICO/doc/manual latex/figures/toolbar-actions-select.png; size: 996 bytes; exists: false
       Install file: /home/jose/AraSuite/TICO/doc/manual latex/figures/toolbar-actions-text-area.eps; size: 7397 bytes; exists: false
       Install file: /home/jose/AraSuite/TICO/doc/manual latex/figures/toolbar-actions-text-area.png; size: 1236 bytes; exists: false
       Install file: /home/jose/AraSuite/TICO/doc/manual latex/figures/toolbar-actions.eps; size: 79382 bytes; exists: false
       Install file: /home/jose/AraSuite/TICO/doc/manual latex/figures/toolbar-actions.png; size: 6874 bytes; exists: false
       Install file: /home/jose/AraSuite/TICO/doc/manual latex/figures/toolbar-align-adjust-height.eps; size: 7399 bytes; exists: false
       Install file: /home/jose/AraSuite/TICO/doc/manual latex/figures/toolbar-align-adjust-height.png; size: 679 bytes; exists: false
       Install file: /home/jose/AraSuite/TICO/doc/manual latex/figures/toolbar-align-adjust-width.eps; size: 7398 bytes; exists: false
       Install file: /home/jose/AraSuite/TICO/doc/manual latex/figures/toolbar-align-adjust-width.png; size: 701 bytes; exists: false
       Install file: /home/jose/AraSuite/TICO/doc/manual latex/figures/toolbar-align-back.eps; size: 10567 bytes; exists: false
       Install file: /home/jose/AraSuite/TICO/doc/manual latex/figures/toolbar-align-back.png; size: 749 bytes; exists: false
       Install file: /home/jose/AraSuite/TICO/doc/manual latex/figures/toolbar-align-bottom.eps; size: 10569 bytes; exists: false
       Install file: /home/jose/AraSuite/TICO/doc/manual latex/figures/toolbar-align-bottom.png; size: 947 bytes; exists: false
       Install file: /home/jose/AraSuite/TICO/doc/manual latex/figures/toolbar-align-front.eps; size: 10568 bytes; exists: false
       Install file: /home/jose/AraSuite/TICO/doc/manual latex/figures/toolbar-align-front.png; size: 938 bytes; exists: false
       Install file: /home/jose/AraSuite/TICO/doc/manual latex/figures/toolbar-align-horizontal-center.eps; size: 10580 bytes; exists: false
       Install file: /home/jose/AraSuite/TICO/doc/manual latex/figures/toolbar-align-horizontal-center.png; size: 1085 bytes; exists: false
       Install file: /home/jose/AraSuite/TICO/doc/manual latex/figures/toolbar-align-horizontal-gap.eps; size: 7400 bytes; exists: false
       Install file: /home/jose/AraSuite/TICO/doc/manual latex/figures/toolbar-align-horizontal-gap.png; size: 526 bytes; exists: false
       Install file: /home/jose/AraSuite/TICO/doc/manual latex/figures/toolbar-align-left.eps; size: 10567 bytes; exists: false
       Install file: /home/jose/AraSuite/TICO/doc/manual latex/figures/toolbar-align-left.png; size: 1024 bytes; exists: false
       Install file: /home/jose/AraSuite/TICO/doc/manual latex/figures/toolbar-align-right.eps; size: 10568 bytes; exists: false
       Install file: /home/jose/AraSuite/TICO/doc/manual latex/figures/toolbar-align-right.png; size: 980 bytes; exists: false
       Install file: /home/jose/AraSuite/TICO/doc/manual latex/figures/toolbar-align-top.eps; size: 10566 bytes; exists: false
       Install file: /home/jose/AraSuite/TICO/doc/manual latex/figures/toolbar-align-top.png; size: 984 bytes; exists: false
       Install file: /home/jose/AraSuite/TICO/doc/manual latex/figures/toolbar-align-vertical-center.eps; size: 10578 bytes; exists: false
       Install file: /home/jose/AraSuite/TICO/doc/manual latex/figures/toolbar-align-vertical-center.png; size: 1158 bytes; exists: false
       Install file: /home/jose/AraSuite/TICO/doc/manual latex/figures/toolbar-align-vertical-gap.eps; size: 7398 bytes; exists: false
       Install file: /home/jose/AraSuite/TICO/doc/manual latex/figures/toolbar-align-vertical-gap.png; size: 511 bytes; exists: false
       Install file: /home/jose/AraSuite/TICO/doc/manual latex/figures/toolbar-align.eps; size: 100404 bytes; exists: false
       Install file: /home/jose/AraSuite/TICO/doc/manual latex/figures/toolbar-align.png; size: 8134 bytes; exists: false
       Install file: /home/jose/AraSuite/TICO/doc/manual latex/figures/toolbar-edit-copy.eps; size: 10566 bytes; exists: false
       Install file: /home/jose/AraSuite/TICO/doc/manual latex/figures/toolbar-edit-copy.png; size: 746 bytes; exists: false
       Install file: /home/jose/AraSuite/TICO/doc/manual latex/figures/toolbar-edit-cut.eps; size: 10565 bytes; exists: false
       Install file: /home/jose/AraSuite/TICO/doc/manual latex/figures/toolbar-edit-cut.png; size: 1193 bytes; exists: false
       Install file: /home/jose/AraSuite/TICO/doc/manual latex/figures/toolbar-edit-delete.eps; size: 10568 bytes; exists: false
       Install file: /home/jose/AraSuite/TICO/doc/manual latex/figures/toolbar-edit-delete.png; size: 1176 bytes; exists: false
       Install file: /home/jose/AraSuite/TICO/doc/manual latex/figures/toolbar-edit-paste.eps; size: 10567 bytes; exists: false
       Install file: /home/jose/AraSuite/TICO/doc/manual latex/figures/toolbar-edit-paste.png; size: 856 bytes; exists: false
       Install file: /home/jose/AraSuite/TICO/doc/manual latex/figures/toolbar-edit-redo.eps; size: 10566 bytes; exists: false
       Install file: /home/jose/AraSuite/TICO/doc/manual latex/figures/toolbar-edit-redo.png; size: 889 bytes; exists: false
       Install file: /home/jose/AraSuite/TICO/doc/manual latex/figures/toolbar-edit-undo.eps; size: 10566 bytes; exists: false
       Install file: /home/jose/AraSuite/TICO/doc/manual latex/figures/toolbar-edit-undo.png; size: 997 bytes; exists: false
       Install file: /home/jose/AraSuite/TICO/doc/manual latex/figures/toolbar-edit.eps; size: 56163 bytes; exists: false
       Install file: /home/jose/AraSuite/TICO/doc/manual latex/figures/toolbar-edit.png; size: 5086 bytes; exists: false
       Install file: /home/jose/AraSuite/TICO/doc/manual latex/figures/toolbar-file-new.eps; size: 10565 bytes; exists: false
       Install file: /home/jose/AraSuite/TICO/doc/manual latex/figures/toolbar-file-new.png; size: 743 bytes; exists: false
       Install file: /home/jose/AraSuite/TICO/doc/manual latex/figures/toolbar-file-open.eps; size: 10566 bytes; exists: false
       Install file: /home/jose/AraSuite/TICO/doc/manual latex/figures/toolbar-file-open.png; size: 1068 bytes; exists: false
       Install file: /home/jose/AraSuite/TICO/doc/manual latex/figures/toolbar-file-print.eps; size: 10567 bytes; exists: false
       Install file: /home/jose/AraSuite/TICO/doc/manual latex/figures/toolbar-file-print.png; size: 977 bytes; exists: false
       Install file: /home/jose/AraSuite/TICO/doc/manual latex/figures/toolbar-file-save-as.eps; size: 10569 bytes; exists: false
       Install file: /home/jose/AraSuite/TICO/doc/manual latex/figures/toolbar-file-save-as.png; size: 1121 bytes; exists: false
       Install file: /home/jose/AraSuite/TICO/doc/manual latex/figures/toolbar-file-save.eps; size: 10566 bytes; exists: false
       Install file: /home/jose/AraSuite/TICO/doc/manual latex/figures/toolbar-file-save.png; size: 1174 bytes; exists: false
       Install file: /home/jose/AraSuite/TICO/doc/manual latex/figures/toolbar-file.eps; size: 49155 bytes; exists: false
       Install file: /home/jose/AraSuite/TICO/doc/manual latex/figures/toolbar-file.png; size: 3844 bytes; exists: false
       Install file: /home/jose/AraSuite/TICO/doc/manual latex/figures/toolbar-format-apply-background.eps; size: 10580 bytes; exists: false
       Install file: /home/jose/AraSuite/TICO/doc/manual latex/figures/toolbar-format-apply-background.png; size: 517 bytes; exists: false
       Install file: /home/jose/AraSuite/TICO/doc/manual latex/figures/toolbar-format-apply-border.eps; size: 7399 bytes; exists: false
       Install file: /home/jose/AraSuite/TICO/doc/manual latex/figures/toolbar-format-apply-border.png; size: 509 bytes; exists: false
       Install file: /home/jose/AraSuite/TICO/doc/manual latex/figures/toolbar-format.eps; size: 89893 bytes; exists: false
       Install file: /home/jose/AraSuite/TICO/doc/manual latex/figures/toolbar-format.png; size: 1606 bytes; exists: false
       Install file: /home/jose/AraSuite/TICO/doc/manual latex/figures/toolbar-text-apply-font.eps; size: 10572 bytes; exists: false
       Install file: /home/jose/AraSuite/TICO/doc/manual latex/figures/toolbar-text-apply-font.png; size: 919 bytes; exists: false
       Install file: /home/jose/AraSuite/TICO/doc/manual latex/figures/toolbars.eps; size: 514967 bytes; exists: false
       Install file: /home/jose/AraSuite/TICO/doc/manual latex/figures/toolbars.png; size: 31037 bytes; exists: false
       Install file: /home/jose/AraSuite/TICO/doc/manual latex/figures/usuario-guardado.png; size: 10317 bytes; exists: false
       Install file: /home/jose/AraSuite/TICO/doc/manual latex/figures/utilidades.png; size: 105898 bytes; exists: false
       Install file: /home/jose/AraSuite/TICO/doc/manual latex/figures/validacion-interprete.png; size: 11923 bytes; exists: false
       Install file: /home/jose/AraSuite/TICO/doc/manual latex/figures/validacion-proyecto.png; size: 25227 bytes; exists: false
       Install file: /home/jose/AraSuite/TICO/doc/manual latex/figures/validacion-tablero.png; size: 25871 bytes; exists: false
       Install file: /home/jose/AraSuite/TICO/doc/manual latex/figures/validado-interprete.png; size: 28815 bytes; exists: false
       Install file: /home/jose/AraSuite/TICO/doc/manual latex/figures/validar-proyecto.png; size: 15080 bytes; exists: false
       Install file: /home/jose/AraSuite/TICO/doc/manual latex/figures/validar-tableero.png; size: 19809 bytes; exists: false
       Install file: /home/jose/AraSuite/TICO/doc/manual latex/figures/validar.png; size: 44321 bytes; exists: false
       Install file: /home/jose/AraSuite/TICO/doc/manual latex/figures/ventana-validacion-interprete.png; size: 15316 bytes; exists: false
       Install file: /home/jose/AraSuite/TICO/doc/manual latex/main.tex; size: 1197 bytes; exists: false
       Install file: /home/jose/AraSuite/TICO/doc/manual latex/manual.tex; size: 87144 bytes; exists: false
       Install file: /home/jose/AraSuite/TICO/doc/manual.pdf; size: 1898197 bytes; exists: false
       Install file: /home/jose/AraSuite/TICO/environment/environment.txt; size: 116 bytes; exists: false
       Install file: /home/jose/AraSuite/TICO/fonts/DroidSans-Bold.ttf; size: 194488 bytes; exists: false
       Install file: /home/jose/AraSuite/TICO/fonts/DroidSans.ttf; size: 190776 bytes; exists: false
       Install file: /home/jose/AraSuite/TICO/images/images.db; size: 7168 bytes; exists: false
       Install file: /home/jose/AraSuite/TICO/lang/ca.lang; size: 24049 bytes; exists: false
       Install file: /home/jose/AraSuite/TICO/lang/de.lang; size: 24800 bytes; exists: false
       Install file: /home/jose/AraSuite/TICO/lang/en.lang; size: 22934 bytes; exists: false
       Install file: /home/jose/AraSuite/TICO/lang/es.lang; size: 24135 bytes; exists: false
       Install file: /home/jose/AraSuite/TICO/lang/fr.lang; size: 25240 bytes; exists: false
       Install file: /home/jose/AraSuite/TICO/lang/it.lang; size: 24414 bytes; exists: false
       Install file: /home/jose/AraSuite/TICO/lang/pt.lang; size: 24566 bytes; exists: false
       Install file: /home/jose/AraSuite/TICO/lang/template.lang; size: 23018 bytes; exists: false
       Install file: /home/jose/AraSuite/TICO/lang/va.lang; size: 25210 bytes; exists: false
       Install file: /home/jose/AraSuite/TICO/libs/GalleryManager.jar; size: 60836 bytes; exists: false
       Install file: /home/jose/AraSuite/TICO/libs/JGRAPH-LICENSE.txt; size: 18397 bytes; exists: false
       Install file: /home/jose/AraSuite/TICO/libs/cgjsapi.jar; size: 429647 bytes; exists: false
       Install file: /home/jose/AraSuite/TICO/libs/dsj.dll; size: 869376 bytes; exists: false
       Install file: /home/jose/AraSuite/TICO/libs/dsj.jar; size: 627940 bytes; exists: false
       Install file: /home/jose/AraSuite/TICO/libs/images/JAI-LICENSE.txt; size: 7194 bytes; exists: false
       Install file: /home/jose/AraSuite/TICO/libs/images/JessML1_0.xsd; size: 11332 bytes; exists: false
       Install file: /home/jose/AraSuite/TICO/libs/images/jai_codec.jar; size: 213586 bytes; exists: false
       Install file: /home/jose/AraSuite/TICO/libs/images/jai_core.jar; size: 1576549 bytes; exists: false
       Install file: /home/jose/AraSuite/TICO/libs/images/javazoom.jar; size: 109957 bytes; exists: false
       Install file: /home/jose/AraSuite/TICO/libs/images/jess.jar; size: 622672 bytes; exists: false
       Install file: /home/jose/AraSuite/TICO/libs/images/jsr94.jar; size: 13749 bytes; exists: false
       Install file: /home/jose/AraSuite/TICO/libs/jdom.jar; size: 152797 bytes; exists: false
       Install file: /home/jose/AraSuite/TICO/libs/jgraph.jar; size: 153767 bytes; exists: false
       Install file: /home/jose/AraSuite/TICO/libs/sound/javalayer.jar; size: 90240 bytes; exists: false
       Install file: /home/jose/AraSuite/TICO/libs/sound/jl1.0.jar; size: 105446 bytes; exists: false
       Install file: /home/jose/AraSuite/TICO/libs/sound/jogg-0.0.7.jar; size: 6839 bytes; exists: false
       Install file: /home/jose/AraSuite/TICO/libs/sound/jorbis-0.0.15.jar; size: 58917 bytes; exists: false
       Install file: /home/jose/AraSuite/TICO/libs/sound/tritonus_jorbis.jar; size: 11628 bytes; exists: false
       Install file: /home/jose/AraSuite/TICO/libs/sound/tritonus_mp3.jar; size: 22155 bytes; exists: false
       Install file: /home/jose/AraSuite/TICO/libs/sound/tritonus_share.jar; size: 102673 bytes; exists: false
       Install file: /home/jose/AraSuite/TICO/libs/sqlite/sqlite3-3.6.13.bin; size: 372132 bytes; exists: false
       Install file: /home/jose/AraSuite/TICO/libs/sqlite/sqlite3.dll; size: 507066 bytes; exists: false
       Install file: /home/jose/AraSuite/TICO/libs/sqlite/sqlitejdbc-v054.jar; size: 2314530 bytes; exists: false
       Install file: /home/jose/AraSuite/TICO/libs/swing-layout-1.0.4.jar; size: 117412 bytes; exists: false
       Install file: /home/jose/AraSuite/TICO/templates/1280x800/landscape/0x0 (1280x511).brd; size: 349 bytes; exists: false
       Install file: /home/jose/AraSuite/TICO/templates/1280x800/landscape/1x1 (1280x511).brd; size: 556 bytes; exists: false
       Install file: /home/jose/AraSuite/TICO/templates/1280x800/landscape/1x2 (1280x511).brd; size: 581 bytes; exists: false
       Install file: /home/jose/AraSuite/TICO/templates/1280x800/landscape/1x3 (1280x511).brd; size: 612 bytes; exists: false
       Install file: /home/jose/AraSuite/TICO/templates/1280x800/landscape/1x4 (1280x511).brd; size: 621 bytes; exists: false
       Install file: /home/jose/AraSuite/TICO/templates/1280x800/landscape/1x5 (1280x511).brd; size: 647 bytes; exists: false
       Install file: /home/jose/AraSuite/TICO/templates/1280x800/landscape/1x6 (1280x511).brd; size: 662 bytes; exists: false
       Install file: /home/jose/AraSuite/TICO/templates/1280x800/landscape/2x3 (1280x511).brd; size: 665 bytes; exists: false
       Install file: /home/jose/AraSuite/TICO/templates/1280x800/landscape/2x4 (1280x511).brd; size: 692 bytes; exists: false
       Install file: /home/jose/AraSuite/TICO/templates/1280x800/landscape/2x5 (1280x511).brd; size: 730 bytes; exists: false
       Install file: /home/jose/AraSuite/TICO/templates/1280x800/landscape/2x6 (1280x511).brd; size: 764 bytes; exists: false
       Install file: /home/jose/AraSuite/TICO/templates/1280x800/landscape/2x7 (1280x511).brd; size: 781 bytes; exists: false
       Install file: /home/jose/AraSuite/TICO/templates/1280x800/landscape/3x7 (1280x511).brd; size: 922 bytes; exists: false
       Install file: /home/jose/AraSuite/TICO/templates/1280x800/portrait/0x0 (800x936).brd; size: 348 bytes; exists: false
       Install file: /home/jose/AraSuite/TICO/templates/1280x800/portrait/1x1 (800x936).brd; size: 573 bytes; exists: false
       Install file: /home/jose/AraSuite/TICO/templates/1280x800/portrait/2x1 (800x936).brd; size: 598 bytes; exists: false
       Install file: /home/jose/AraSuite/TICO/templates/1280x800/portrait/2x2 (800x936).brd; size: 635 bytes; exists: false
       Install file: /home/jose/AraSuite/TICO/templates/1280x800/portrait/3x2 (800x936).brd; size: 670 bytes; exists: false
       Install file: /home/jose/AraSuite/TICO/templates/1280x800/portrait/3x3 (800x936).brd; size: 714 bytes; exists: false
       Install file: /home/jose/AraSuite/TICO/templates/1280x800/portrait/3x4 (800x936).brd; size: 764 bytes; exists: false
       Install file: /home/jose/AraSuite/TICO/templates/1280x800/portrait/4x4 (800x936).brd; size: 831 bytes; exists: false
       Install file: /home/jose/AraSuite/TICO/templates/1280x800/portrait/4x5 (800x936).brd; size: 899 bytes; exists: false
       Install file: /home/jose/AraSuite/TICO/templates/1280x800/portrait/5x5 (800x936).brd; size: 963 bytes; exists: false
       Install file: /home/jose/AraSuite/TICO/templates/480x800/landscape/0x0 (800x326).brd; size: 348 bytes; exists: false
       Install file: /home/jose/AraSuite/TICO/templates/480x800/landscape/1x1 (800x326).brd; size: 570 bytes; exists: false
       Install file: /home/jose/AraSuite/TICO/templates/480x800/landscape/1x2 (800x326).brd; size: 594 bytes; exists: false
       Install file: /home/jose/AraSuite/TICO/templates/480x800/landscape/1x3 (800x326).brd; size: 616 bytes; exists: false
       Install file: /home/jose/AraSuite/TICO/templates/480x800/landscape/1x4 (800x326).brd; size: 638 bytes; exists: false
       Install file: /home/jose/AraSuite/TICO/templates/480x800/landscape/1x5 (800x326).brd; size: 647 bytes; exists: false
       Install file: /home/jose/AraSuite/TICO/templates/480x800/landscape/1x6 (800x326).brd; size: 682 bytes; exists: false
       Install file: /home/jose/AraSuite/TICO/templates/480x800/landscape/2x6 (800x326).brd; size: 764 bytes; exists: false
       Install file: /home/jose/AraSuite/TICO/templates/480x800/landscape/2x7 (800x326).brd; size: 799 bytes; exists: false
       Install file: /home/jose/AraSuite/TICO/templates/480x800/landscape/3x7 (800x326).brd; size: 922 bytes; exists: false
       Install file: /home/jose/AraSuite/TICO/templates/480x800/portrait/0x0 (480x608).brd; size: 347 bytes; exists: false
       Install file: /home/jose/AraSuite/TICO/templates/480x800/portrait/1x1 (480x608).brd; size: 570 bytes; exists: false
       Install file: /home/jose/AraSuite/TICO/templates/480x800/portrait/2x1 (480x608).brd; size: 598 bytes; exists: false
       Install file: /home/jose/AraSuite/TICO/templates/480x800/portrait/2x2 (480x608).brd; size: 637 bytes; exists: false
       Install file: /home/jose/AraSuite/TICO/templates/480x800/portrait/3x2 (480x608).brd; size: 673 bytes; exists: false
       Install file: /home/jose/AraSuite/TICO/templates/480x800/portrait/3x3 (480x608).brd; size: 714 bytes; exists: false
       Install file: /home/jose/AraSuite/TICO/templates/480x800/portrait/3x4 (480x608).brd; size: 755 bytes; exists: false
       Install file: /home/jose/AraSuite/TICO/templates/480x800/portrait/4x4 (480x608).brd; size: 824 bytes; exists: false
       Install file: /home/jose/AraSuite/TICO/templates/480x800/portrait/4x5 (480x608).brd; size: 883 bytes; exists: false
       Install file: /home/jose/AraSuite/TICO/templates/480x800/portrait/5x5 (480x608).brd; size: 956 bytes; exists: false
       Install file: /home/jose/AraSuite/TICO/tico.jar; size: 1186682 bytes; exists: false
       Install file: /home/jose/AraSuite/uninstall; size: 12737 bytes; exists: false
       File options set to: [fileTime: Mon Oct 30 08:27:54 CET 2017, mode: 700, overwriteMode: If newer otherwise ask, shared: false, uninstallMode: If created, delayIfNecessary: false]
       Install file: /home/jose/AraSuite/.install4j/inst_jre.cfg; size: 38 bytes; exists: false
       File options set to: [fileTime: Fri Nov 10 08:09:13 CET 2017, mode: 644, overwriteMode: Always, shared: false, uninstallMode: If created, delayIfNecessary: false]
       Install file: /home/jose/AraSuite/.install4j/i4jruntime.jar; size: 1326077 bytes; exists: false
       File options set to: [fileTime: Fri Nov 10 08:09:14 CET 2017, mode: 644, overwriteMode: Always, shared: false, uninstallMode: Always, delayIfNecessary: false]
       Install file: /home/jose/AraSuite/.install4j/MessagesDefault; size: 32917 bytes; exists: false
       Install file: /home/jose/AraSuite/.install4j/i4jparams.conf; size: 67447 bytes; exists: false
       Install file: /home/jose/AraSuite/.install4j/stats.properties; size: 2501 bytes; exists: false
       Install file: /home/jose/AraSuite/.install4j/user.jar; size: 3676 bytes; exists: false
       Install file: /home/jose/AraSuite/.install4j/i4j_extf_0_1x8bpat.utf8; size: 35462 bytes; exists: false
       Execute action successful after 1574 ms
[INFO] com.install4j.runtime.beans.actions.desktop.RegisterAddRemoveAction [ID 11]: Execute action
       Property itemName: Arasuite 2.2.4
       Property iconSource: Installer icon
       Property icon: null
       Property persistentProperties: {}
       Property rollbackSupported: true
       Execute action successful after 1 ms
[INFO] com.install4j.runtime.beans.screens.InstallationScreen [ID 8]: Rollback barrier reached
       command: move 1 screens, executing actions, checking condition
[INFO] com.install4j.runtime.beans.screens.FinishedScreen [ID 12]: Show screen
[INFO] com.install4j.runtime.beans.screens.FinishedScreen [ID 12]: command: finish
       cleaning up
       Finished
